{
  "stats": {
    "suites": 12,
    "tests": 41,
    "passes": 26,
    "pending": 0,
    "failures": 15,
    "start": "2022-02-20T18:26:14.719Z",
    "end": "2022-02-20T18:28:06.002Z",
    "duration": 111283,
    "testsRegistered": 41,
    "passPercent": 63.41463414634146,
    "pendingPercent": 0,
    "other": 0,
    "hasOther": false,
    "skipped": 0,
    "hasSkipped": false
  },
  "results": [
    {
      "uuid": "653784d7-7ce2-4f3c-acd8-ad2310abbe6a",
      "title": "",
      "fullFile": "cypress/integration/project.spec.js",
      "file": "cypress/integration/project.spec.js",
      "beforeHooks": [],
      "afterHooks": [],
      "tests": [],
      "suites": [
        {
          "uuid": "2085e3bb-60fc-4033-a224-54f871bd9eb4",
          "title": "1 - Adicione à página o título \"Paleta de Cores\".",
          "fullFile": "",
          "file": "",
          "beforeHooks": [],
          "afterHooks": [],
          "tests": [
            {
              "title": "Verifica se contém um elemento `h1` com o id `title` com o título correto",
              "fullTitle": "1 - Adicione à página o título \"Paleta de Cores\". Verifica se contém um elemento `h1` com o id `title` com o título correto",
              "timedOut": null,
              "duration": 1079,
              "state": "passed",
              "speed": "slow",
              "pass": true,
              "fail": false,
              "pending": false,
              "context": null,
              "code": "cy.get('h1#title').should('contain.text', 'Paleta de Cores');",
              "err": {},
              "uuid": "ba0b6c3a-688b-458f-97aa-53d2a76422d3",
              "parentUUID": "2085e3bb-60fc-4033-a224-54f871bd9eb4",
              "isHook": false,
              "skipped": false
            }
          ],
          "suites": [],
          "passes": [
            "ba0b6c3a-688b-458f-97aa-53d2a76422d3"
          ],
          "failures": [],
          "pending": [],
          "skipped": [],
          "duration": 1079,
          "root": false,
          "rootEmpty": false,
          "_timeout": 2000
        },
        {
          "uuid": "b906fe0a-f0b8-4081-9952-932e55eda217",
          "title": "2 - Adicione à página uma paleta de quatro cores distintas.",
          "fullFile": "",
          "file": "",
          "beforeHooks": [],
          "afterHooks": [],
          "tests": [
            {
              "title": "A paleta de cores deve ser um elemento com `id` denominado `color-palette` e ter mais de 0px de altura e de largura.",
              "fullTitle": "2 - Adicione à página uma paleta de quatro cores distintas. A paleta de cores deve ser um elemento com `id` denominado `color-palette` e ter mais de 0px de altura e de largura.",
              "timedOut": null,
              "duration": 852,
              "state": "passed",
              "speed": "slow",
              "pass": true,
              "fail": false,
              "pending": false,
              "context": null,
              "code": "cy.get('#color-palette').should('be.visible');\ncy.get('#color-palette').children('.color');",
              "err": {},
              "uuid": "e0c22a23-b1bc-486d-be39-67f91e38c9f6",
              "parentUUID": "b906fe0a-f0b8-4081-9952-932e55eda217",
              "isHook": false,
              "skipped": false
            },
            {
              "title": "Verifica se cada cor individual da paleta de cores possui a `classe` chamada `color`.",
              "fullTitle": "2 - Adicione à página uma paleta de quatro cores distintas. Verifica se cada cor individual da paleta de cores possui a `classe` chamada `color`.",
              "timedOut": null,
              "duration": 616,
              "state": "passed",
              "speed": "slow",
              "pass": true,
              "fail": false,
              "pending": false,
              "context": null,
              "code": "cy.get('.color').should('have.length', 4).then(function (colors) {\n  for (var i = 0; i < colors.length; i++) {\n    cy.wrap(colors[i]).should('be.visible');\n  }\n});",
              "err": {},
              "uuid": "04807dc3-597a-46ab-a7de-c6fc886c1507",
              "parentUUID": "b906fe0a-f0b8-4081-9952-932e55eda217",
              "isHook": false,
              "skipped": false
            },
            {
              "title": "Verifica se a cor de fundo de cada elemento da paleta é a cor que o elemento representa. **A única cor não permitida na paleta é a cor branca.**",
              "fullTitle": "2 - Adicione à página uma paleta de quatro cores distintas. Verifica se a cor de fundo de cada elemento da paleta é a cor que o elemento representa. **A única cor não permitida na paleta é a cor branca.**",
              "timedOut": null,
              "duration": 444,
              "state": "passed",
              "speed": "slow",
              "pass": true,
              "fail": false,
              "pending": false,
              "context": null,
              "code": "cy.get('.color').each(function (color) {\n  cy.wrap(color).should('have.class', 'color').and('not.have.css', 'background-color', WHITE);\n  cy.wrap(color).should('have.css', 'background-color');\n});",
              "err": {},
              "uuid": "cb4a15d6-c581-4a7f-819d-cff035029a08",
              "parentUUID": "b906fe0a-f0b8-4081-9952-932e55eda217",
              "isHook": false,
              "skipped": false
            },
            {
              "title": "Verifica se cada elemento da paleta de cores tem uma borda preta, sólida e com 1 pixel de largura;",
              "fullTitle": "2 - Adicione à página uma paleta de quatro cores distintas. Verifica se cada elemento da paleta de cores tem uma borda preta, sólida e com 1 pixel de largura;",
              "timedOut": null,
              "duration": 529,
              "state": "passed",
              "speed": "slow",
              "pass": true,
              "fail": false,
              "pending": false,
              "context": null,
              "code": "cy.get('.color').each(function (color) {\n  cy.wrap(color).and('have.css', 'border', \"1px solid \".concat(BLACK)).and('have.class', 'color');\n});",
              "err": {},
              "uuid": "36003d24-28ca-45e7-a308-602254f3426f",
              "parentUUID": "b906fe0a-f0b8-4081-9952-932e55eda217",
              "isHook": false,
              "skipped": false
            },
            {
              "title": "Verifica se a paleta lista todas as cores disponíveis para utilização, lado a lado.",
              "fullTitle": "2 - Adicione à página uma paleta de quatro cores distintas. Verifica se a paleta lista todas as cores disponíveis para utilização, lado a lado.",
              "timedOut": null,
              "duration": 512,
              "state": "passed",
              "speed": "slow",
              "pass": true,
              "fail": false,
              "pending": false,
              "context": null,
              "code": "cy.get('.color').then(function (colors) {\n  for (var index = 1; index < colors.length; index += 1) {\n    var currentColor = colors[index];\n    var previousColor = colors[index - 1];\n    cy.wrap(currentColor).should('be.onTheRightOf', previousColor).and('be.horizontallyAlignedWith', previousColor);\n  }\n});",
              "err": {},
              "uuid": "5e12a41a-6222-45e2-9aa2-a5f3162c373d",
              "parentUUID": "b906fe0a-f0b8-4081-9952-932e55eda217",
              "isHook": false,
              "skipped": false
            },
            {
              "title": "Verifica se a paleta de cores está posicionada abaixo do título 'Paleta de Cores'",
              "fullTitle": "2 - Adicione à página uma paleta de quatro cores distintas. Verifica se a paleta de cores está posicionada abaixo do título 'Paleta de Cores'",
              "timedOut": null,
              "duration": 550,
              "state": "passed",
              "speed": "slow",
              "pass": true,
              "fail": false,
              "pending": false,
              "context": null,
              "code": "cy.get('h1#title').then(function (title) {\n  cy.get('#color-palette').should('be.belowOf', title);\n});",
              "err": {},
              "uuid": "51f4e0ba-deac-400d-9051-3d6e2187a2ee",
              "parentUUID": "b906fe0a-f0b8-4081-9952-932e55eda217",
              "isHook": false,
              "skipped": false
            },
            {
              "title": "Verifica se a paleta de cores não contém cores repetidas.",
              "fullTitle": "2 - Adicione à página uma paleta de quatro cores distintas. Verifica se a paleta de cores não contém cores repetidas.",
              "timedOut": null,
              "duration": 465,
              "state": "passed",
              "speed": "slow",
              "pass": true,
              "fail": false,
              "pending": false,
              "context": null,
              "code": "cy.get('.color').then(function (colors) {\n  var allColors = Array.from(colors).map(function (color) {\n    return Cypress.$(color).css('background-color');\n  });\n  cy.log(allColors);\n  var uniqColors = (0, _toConsumableArray2[\"default\"])(new Set(allColors));\n  cy.log(uniqColors);\n  expect(allColors.length).to.eq(uniqColors.length);\n});",
              "err": {},
              "uuid": "59403fc0-da1f-41fa-826b-7a923e5cac37",
              "parentUUID": "b906fe0a-f0b8-4081-9952-932e55eda217",
              "isHook": false,
              "skipped": false
            }
          ],
          "suites": [],
          "passes": [
            "e0c22a23-b1bc-486d-be39-67f91e38c9f6",
            "04807dc3-597a-46ab-a7de-c6fc886c1507",
            "cb4a15d6-c581-4a7f-819d-cff035029a08",
            "36003d24-28ca-45e7-a308-602254f3426f",
            "5e12a41a-6222-45e2-9aa2-a5f3162c373d",
            "51f4e0ba-deac-400d-9051-3d6e2187a2ee",
            "59403fc0-da1f-41fa-826b-7a923e5cac37"
          ],
          "failures": [],
          "pending": [],
          "skipped": [],
          "duration": 3968,
          "root": false,
          "rootEmpty": false,
          "_timeout": 2000
        },
        {
          "uuid": "164ee504-7832-4881-acdb-63c0e4ee739b",
          "title": "3 - Adicione a cor **preta** como a primeira cor da paleta de cores.",
          "fullFile": "",
          "file": "",
          "beforeHooks": [],
          "afterHooks": [],
          "tests": [
            {
              "title": "Verifica se a primeira cor da paleta é preta",
              "fullTitle": "3 - Adicione a cor **preta** como a primeira cor da paleta de cores. Verifica se a primeira cor da paleta é preta",
              "timedOut": null,
              "duration": 434,
              "state": "passed",
              "speed": "slow",
              "pass": true,
              "fail": false,
              "pending": false,
              "context": null,
              "code": "cy.get('.color').first().should('have.css', 'background-color', BLACK);",
              "err": {},
              "uuid": "e669530c-ee17-4db6-99d4-4b0eda479693",
              "parentUUID": "164ee504-7832-4881-acdb-63c0e4ee739b",
              "isHook": false,
              "skipped": false
            },
            {
              "title": "Verifica se as demais cores podem ser escolhidas livremente.",
              "fullTitle": "3 - Adicione a cor **preta** como a primeira cor da paleta de cores. Verifica se as demais cores podem ser escolhidas livremente.",
              "timedOut": null,
              "duration": 595,
              "state": "passed",
              "speed": "slow",
              "pass": true,
              "fail": false,
              "pending": false,
              "context": null,
              "code": "cy.get('.color').eq(1).should('not.have.css', 'background-color', BLACK);\ncy.get('.color').eq(1).should('not.have.css', 'background-color', WHITE);\ncy.get('.color').eq(1).should('not.have.css', 'background-color', 'rgba(0, 0, 0, 0)');\ncy.get('.color').eq(1).should('have.css', 'background-color');\ncy.get('.color').eq(2).should('not.have.css', 'background-color', BLACK);\ncy.get('.color').eq(2).should('not.have.css', 'background-color', WHITE);\ncy.get('.color').eq(2).should('not.have.css', 'background-color', 'rgba(0, 0, 0, 0)');\ncy.get('.color').eq(2).should('have.css', 'background-color');\ncy.get('.color').eq(3).should('not.have.css', 'background-color', BLACK);\ncy.get('.color').eq(3).should('not.have.css', 'background-color', WHITE);\ncy.get('.color').eq(3).should('not.have.css', 'background-color', 'rgba(0, 0, 0, 0)');\ncy.get('.color').eq(3).should('have.css', 'background-color');",
              "err": {},
              "uuid": "f87f9497-0ac1-4f9a-b826-4cf81cd86d39",
              "parentUUID": "164ee504-7832-4881-acdb-63c0e4ee739b",
              "isHook": false,
              "skipped": false
            }
          ],
          "suites": [],
          "passes": [
            "e669530c-ee17-4db6-99d4-4b0eda479693",
            "f87f9497-0ac1-4f9a-b826-4cf81cd86d39"
          ],
          "failures": [],
          "pending": [],
          "skipped": [],
          "duration": 1029,
          "root": false,
          "rootEmpty": false,
          "_timeout": 2000
        },
        {
          "uuid": "6513c815-b2f7-40e3-9137-ecab301b9b31",
          "title": "4 - Adicione à página um quadro de pixels, com 25 pixels.",
          "fullFile": "",
          "file": "",
          "beforeHooks": [],
          "afterHooks": [],
          "tests": [
            {
              "title": "Verifica se o quadro de pixels possui o `id` denominado `pixel-board`",
              "fullTitle": "4 - Adicione à página um quadro de pixels, com 25 pixels. Verifica se o quadro de pixels possui o `id` denominado `pixel-board`",
              "timedOut": null,
              "duration": 438,
              "state": "passed",
              "speed": "slow",
              "pass": true,
              "fail": false,
              "pending": false,
              "context": null,
              "code": "cy.get('#pixel-board').should('be.visible');",
              "err": {},
              "uuid": "6f97d9fa-fdb0-49b9-95f1-88c7c472d668",
              "parentUUID": "6513c815-b2f7-40e3-9137-ecab301b9b31",
              "isHook": false,
              "skipped": false
            },
            {
              "title": "Verifica se cada pixel individual dentro do quadro possui a `classe` denominada `pixel`.",
              "fullTitle": "4 - Adicione à página um quadro de pixels, com 25 pixels. Verifica se cada pixel individual dentro do quadro possui a `classe` denominada `pixel`.",
              "timedOut": null,
              "duration": 427,
              "state": "passed",
              "speed": "slow",
              "pass": true,
              "fail": false,
              "pending": false,
              "context": null,
              "code": "cy.get('.pixel').should('have.length', 25);",
              "err": {},
              "uuid": "8401aeaf-4888-435a-b145-eb06fab057c9",
              "parentUUID": "6513c815-b2f7-40e3-9137-ecab301b9b31",
              "isHook": false,
              "skipped": false
            },
            {
              "title": "Verifica se a cor inicial dos pixels dentro do quadro, ao abrir a página, é branca.",
              "fullTitle": "4 - Adicione à página um quadro de pixels, com 25 pixels. Verifica se a cor inicial dos pixels dentro do quadro, ao abrir a página, é branca.",
              "timedOut": null,
              "duration": 471,
              "state": "passed",
              "speed": "slow",
              "pass": true,
              "fail": false,
              "pending": false,
              "context": null,
              "code": "cy.get('.pixel').should('have.length', 25).each(function (pixel) {\n  expect(pixel).to.have.css('background-color', WHITE);\n});",
              "err": {},
              "uuid": "9fbe444f-2bd8-43a5-92ae-8e1671369aab",
              "parentUUID": "6513c815-b2f7-40e3-9137-ecab301b9b31",
              "isHook": false,
              "skipped": false
            },
            {
              "title": "Verifica se o quadro de pixels aparece abaixo da paleta de cores",
              "fullTitle": "4 - Adicione à página um quadro de pixels, com 25 pixels. Verifica se o quadro de pixels aparece abaixo da paleta de cores",
              "timedOut": null,
              "duration": 218,
              "state": "passed",
              "speed": "slow",
              "pass": true,
              "fail": false,
              "pending": false,
              "context": null,
              "code": "cy.get('#color-palette').then(function (palette) {\n  cy.get('#pixel-board').should('be.belowOf', palette);\n});",
              "err": {},
              "uuid": "271e489d-0d4d-402a-b24b-70d9543326e1",
              "parentUUID": "6513c815-b2f7-40e3-9137-ecab301b9b31",
              "isHook": false,
              "skipped": false
            }
          ],
          "suites": [],
          "passes": [
            "6f97d9fa-fdb0-49b9-95f1-88c7c472d668",
            "8401aeaf-4888-435a-b145-eb06fab057c9",
            "9fbe444f-2bd8-43a5-92ae-8e1671369aab",
            "271e489d-0d4d-402a-b24b-70d9543326e1"
          ],
          "failures": [],
          "pending": [],
          "skipped": [],
          "duration": 1554,
          "root": false,
          "rootEmpty": false,
          "_timeout": 2000
        },
        {
          "uuid": "0e3b6d26-57e3-46fa-805c-7081a9419646",
          "title": "5 - Faça com que cada elemento do quadro de pixels possua 40 pixels de largura, 40 pixels de altura e seja delimitado por uma borda preta de 1 pixel.",
          "fullFile": "",
          "file": "",
          "beforeHooks": [],
          "afterHooks": [],
          "tests": [
            {
              "title": "Verifica se o quadro de pixels tem altura e comprimento de 5 elementos",
              "fullTitle": "5 - Faça com que cada elemento do quadro de pixels possua 40 pixels de largura, 40 pixels de altura e seja delimitado por uma borda preta de 1 pixel. Verifica se o quadro de pixels tem altura e comprimento de 5 elementos",
              "timedOut": null,
              "duration": 753,
              "state": "passed",
              "speed": "slow",
              "pass": true,
              "fail": false,
              "pending": false,
              "context": null,
              "code": "cy.get('.pixel').should('have.length', 25).each(function (pixel) {\n  expect(pixel).to.have.css('background-color', WHITE);\n}).and(function (pixels) {\n  var rows = chunk(pixels, 5);\n  rows.forEach(function (row) {\n    for (var index = 1; index < row.length; index += 1) {\n      var current = pixels[index];\n      var previous = pixels[index - 1];\n      cy.wrap(current).should('be.onTheRightOf', previous).and('be.horizontallyAlignedWith', previous);\n    }\n  });\n  for (var index = 1; index < 5; index += 1) {\n    expect(pixels[index * 5]).to.be.belowOf(pixels[(index - 1) * 5]);\n  }\n});",
              "err": {},
              "uuid": "921315cf-af56-4578-a85e-654827ffede9",
              "parentUUID": "0e3b6d26-57e3-46fa-805c-7081a9419646",
              "isHook": false,
              "skipped": false
            },
            {
              "title": "Verifica se 40 pixels é o tamanho total do elemento, incluindo seu conteúdo e excluindo a borda preta, que deve ser criada à parte.",
              "fullTitle": "5 - Faça com que cada elemento do quadro de pixels possua 40 pixels de largura, 40 pixels de altura e seja delimitado por uma borda preta de 1 pixel. Verifica se 40 pixels é o tamanho total do elemento, incluindo seu conteúdo e excluindo a borda preta, que deve ser criada à parte.",
              "timedOut": null,
              "duration": 4812,
              "state": "failed",
              "speed": null,
              "pass": false,
              "fail": true,
              "pending": false,
              "context": null,
              "code": "cy.get('.pixel').each(function (pixel) {\n  cy.wrap(pixel).should('have.css', 'height', '40px').and('have.css', 'width', '40px').and('have.css', 'border', \"1px solid \".concat(BLACK));\n});",
              "err": {
                "message": "CypressError: Timed out retrying: expected '<div.pixel>' to have CSS property 'height' with the value '40px', but the value was '30px'",
                "estack": "CypressError: Timed out retrying: expected '<div.pixel>' to have CSS property 'height' with the value '40px', but the value was '30px'\n    at cypressErr (http://localhost:51129/__cypress/runner/cypress_runner.js:149934:9)\n    at throwErr (http://localhost:51129/__cypress/runner/cypress_runner.js:149867:11)\n    at Object.throwErrByPath (http://localhost:51129/__cypress/runner/cypress_runner.js:149915:3)\n    at retry (http://localhost:51129/__cypress/runner/cypress_runner.js:144197:19)\n    at onFailFn (http://localhost:51129/__cypress/runner/cypress_runner.js:132448:16)\n    at tryCatcher (http://localhost:51129/__cypress/runner/cypress_runner.js:167415:23)\n    at Promise._settlePromiseFromHandler (http://localhost:51129/__cypress/runner/cypress_runner.js:165351:31)\n    at Promise._settlePromise (http://localhost:51129/__cypress/runner/cypress_runner.js:165408:18)\n    at Promise._settlePromise0 (http://localhost:51129/__cypress/runner/cypress_runner.js:165453:10)\n    at Promise._settlePromises (http://localhost:51129/__cypress/runner/cypress_runner.js:165528:18)\n    at Async../node_modules/bluebird/js/release/async.js.Async._drainQueue (http://localhost:51129/__cypress/runner/cypress_runner.js:162140:16)\n    at Async../node_modules/bluebird/js/release/async.js.Async._drainQueues (http://localhost:51129/__cypress/runner/cypress_runner.js:162150:10)\n    at Async.drainQueues (http://localhost:51129/__cypress/runner/cypress_runner.js:162024:14)",
                "diff": null
              },
              "uuid": "c251a3d5-13f8-43bd-a00e-eb6d086e367e",
              "parentUUID": "0e3b6d26-57e3-46fa-805c-7081a9419646",
              "isHook": false,
              "skipped": false
            }
          ],
          "suites": [],
          "passes": [
            "921315cf-af56-4578-a85e-654827ffede9"
          ],
          "failures": [
            "c251a3d5-13f8-43bd-a00e-eb6d086e367e"
          ],
          "pending": [],
          "skipped": [],
          "duration": 5565,
          "root": false,
          "rootEmpty": false,
          "_timeout": 2000
        },
        {
          "uuid": "66e64830-b4c0-4ceb-93a2-7072830eda33",
          "title": "6 - Defina a cor preta como cor inicial. Ao carregar a página a cor preta já deve estar selecionada para pintar os pixels",
          "fullFile": "",
          "file": "",
          "beforeHooks": [],
          "afterHooks": [],
          "tests": [
            {
              "title": "Verifica se o elemento da cor preta possui, inicialmente, a `classe` `selected`",
              "fullTitle": "6 - Defina a cor preta como cor inicial. Ao carregar a página a cor preta já deve estar selecionada para pintar os pixels Verifica se o elemento da cor preta possui, inicialmente, a `classe` `selected`",
              "timedOut": null,
              "duration": 426,
              "state": "passed",
              "speed": "slow",
              "pass": true,
              "fail": false,
              "pending": false,
              "context": null,
              "code": "cy.get('.selected').first().should('have.css', 'background-color', BLACK);",
              "err": {},
              "uuid": "0fdc64a5-2893-4001-9f8b-0d589f2964fa",
              "parentUUID": "66e64830-b4c0-4ceb-93a2-7072830eda33",
              "isHook": false,
              "skipped": false
            },
            {
              "title": "Verifica se nenhuma outra cor da paleta tem a `classe` `selected`",
              "fullTitle": "6 - Defina a cor preta como cor inicial. Ao carregar a página a cor preta já deve estar selecionada para pintar os pixels Verifica se nenhuma outra cor da paleta tem a `classe` `selected`",
              "timedOut": null,
              "duration": 238,
              "state": "passed",
              "speed": "slow",
              "pass": true,
              "fail": false,
              "pending": false,
              "context": null,
              "code": "cy.get('.color:not(:first-child)').each(function (color) {\n  cy.wrap(color).should('not.have.class', 'selected');\n});",
              "err": {},
              "uuid": "586e16c8-f014-43d1-9e24-e59f63a9ae7a",
              "parentUUID": "66e64830-b4c0-4ceb-93a2-7072830eda33",
              "isHook": false,
              "skipped": false
            }
          ],
          "suites": [],
          "passes": [
            "0fdc64a5-2893-4001-9f8b-0d589f2964fa",
            "586e16c8-f014-43d1-9e24-e59f63a9ae7a"
          ],
          "failures": [],
          "pending": [],
          "skipped": [],
          "duration": 664,
          "root": false,
          "rootEmpty": false,
          "_timeout": 2000
        },
        {
          "uuid": "94002b07-9c19-44b8-8659-1a27e6af9e57",
          "title": "7 - Clicar em uma das cores da paleta, faz com que ela seja selecionada e utilizada para preencher os pixels no quadro.",
          "fullFile": "",
          "file": "",
          "beforeHooks": [],
          "afterHooks": [],
          "tests": [
            {
              "title": "Verifica se somente uma cor da paleta de cores tem a classe `selected` de cada vez",
              "fullTitle": "7 - Clicar em uma das cores da paleta, faz com que ela seja selecionada e utilizada para preencher os pixels no quadro. Verifica se somente uma cor da paleta de cores tem a classe `selected` de cada vez",
              "timedOut": null,
              "duration": 700,
              "state": "passed",
              "speed": "slow",
              "pass": true,
              "fail": false,
              "pending": false,
              "context": null,
              "code": "cy.get('.color').each(function (selectedColor, selectedColorIndex) {\n  cy.wrap(selectedColor).click();\n  cy.get('.color').each(function (color, colorIndex) {\n    if (colorIndex === selectedColorIndex) {\n      expect(color).to.have[\"class\"]('selected');\n    } else {\n      expect(color).not.to.have[\"class\"]('selected');\n    }\n  });\n});",
              "err": {},
              "uuid": "68aa385b-ddc5-463d-ac93-2c1f2bc16a73",
              "parentUUID": "94002b07-9c19-44b8-8659-1a27e6af9e57",
              "isHook": false,
              "skipped": false
            },
            {
              "title": "Verifica se os pixels dentro do quadro não têm a classe `selected` quando são clicados",
              "fullTitle": "7 - Clicar em uma das cores da paleta, faz com que ela seja selecionada e utilizada para preencher os pixels no quadro. Verifica se os pixels dentro do quadro não têm a classe `selected` quando são clicados",
              "timedOut": null,
              "duration": 9083,
              "state": "passed",
              "speed": "slow",
              "pass": true,
              "fail": false,
              "pending": false,
              "context": null,
              "code": "cy.get('.color').each(function (color) {\n  var backgroundColor = color.css('background-color');\n  cy.wrap(color).click();\n  cy.get('.pixel').each(function (pixel) {\n    cy.wrap(pixel).click().should('not.have.class', 'selected');\n  });\n});",
              "err": {},
              "uuid": "23ad96f2-045a-41ca-b379-15992799be2c",
              "parentUUID": "94002b07-9c19-44b8-8659-1a27e6af9e57",
              "isHook": false,
              "skipped": false
            }
          ],
          "suites": [],
          "passes": [
            "68aa385b-ddc5-463d-ac93-2c1f2bc16a73",
            "23ad96f2-045a-41ca-b379-15992799be2c"
          ],
          "failures": [],
          "pending": [],
          "skipped": [],
          "duration": 9783,
          "root": false,
          "rootEmpty": false,
          "_timeout": 2000
        },
        {
          "uuid": "247c4c3e-c5f9-46f7-8ee0-54e6e4c68c5f",
          "title": "8 - Clicar em um pixel dentro do quadro após selecionar uma cor na paleta, faz com que o pixel seja preenchido com a cor selecionada.",
          "fullFile": "",
          "file": "",
          "beforeHooks": [],
          "afterHooks": [],
          "tests": [
            {
              "title": "Verifica se ao carregar a página deve ser possível pintar os pixels de preto",
              "fullTitle": "8 - Clicar em um pixel dentro do quadro após selecionar uma cor na paleta, faz com que o pixel seja preenchido com a cor selecionada. Verifica se ao carregar a página deve ser possível pintar os pixels de preto",
              "timedOut": null,
              "duration": 2429,
              "state": "passed",
              "speed": "slow",
              "pass": true,
              "fail": false,
              "pending": false,
              "context": null,
              "code": "cy.get('.pixel').each(function (pixel) {\n  cy.wrap(pixel).click().should('have.css', 'background-color', BLACK);\n});",
              "err": {},
              "uuid": "b544838e-bb93-4353-9dcb-58c4940b10df",
              "parentUUID": "247c4c3e-c5f9-46f7-8ee0-54e6e4c68c5f",
              "isHook": false,
              "skipped": false
            },
            {
              "title": "Verifica se após selecionar uma outra cor na paleta, é possível pintar os pixels com essa cor",
              "fullTitle": "8 - Clicar em um pixel dentro do quadro após selecionar uma cor na paleta, faz com que o pixel seja preenchido com a cor selecionada. Verifica se após selecionar uma outra cor na paleta, é possível pintar os pixels com essa cor",
              "timedOut": null,
              "duration": 8840,
              "state": "passed",
              "speed": "slow",
              "pass": true,
              "fail": false,
              "pending": false,
              "context": null,
              "code": "cy.get('.color').each(function (color) {\n  var backgroundColor = color.css('background-color');\n  cy.wrap(color).click();\n  cy.get('.pixel').each(function (pixel) {\n    cy.wrap(pixel).click().should('have.css', 'background-color', backgroundColor);\n  });\n});",
              "err": {},
              "uuid": "2dd4d948-e1b6-4c3f-a155-cc02a58b8863",
              "parentUUID": "247c4c3e-c5f9-46f7-8ee0-54e6e4c68c5f",
              "isHook": false,
              "skipped": false
            },
            {
              "title": "Verifica se somente o pixel que foi clicado foi preenchido com a cor selecionada, sem influenciar na cor dos demais pixels.",
              "fullTitle": "8 - Clicar em um pixel dentro do quadro após selecionar uma cor na paleta, faz com que o pixel seja preenchido com a cor selecionada. Verifica se somente o pixel que foi clicado foi preenchido com a cor selecionada, sem influenciar na cor dos demais pixels.",
              "timedOut": null,
              "duration": 2234,
              "state": "passed",
              "speed": "slow",
              "pass": true,
              "fail": false,
              "pending": false,
              "context": null,
              "code": "var colorToPixelIndexMap = {\n  0: 6,\n  1: 8,\n  2: 16,\n  3: 18\n};\ncy.get('.color').each(function (color, index) {\n  cy.wrap(color).click();\n  var backgroundColor = color.css('background-color');\n  var clickedPixelIndex = colorToPixelIndexMap[index];\n  cy.get('.pixel').eq(clickedPixelIndex).click();\n  cy.get('.pixel').eq(clickedPixelIndex - 1).should('not.have.css', 'background-color', backgroundColor);\n  cy.get('.pixel').eq(clickedPixelIndex + 1).should('not.have.css', 'background-color', backgroundColor);\n  cy.get('.pixel').eq(clickedPixelIndex - 5).should('not.have.css', 'background-color', backgroundColor);\n  cy.get('.pixel').eq(clickedPixelIndex + 5).should('not.have.css', 'background-color', backgroundColor);\n  cy.get('.pixel').eq(clickedPixelIndex - 6).should('not.have.css', 'background-color', backgroundColor);\n  cy.get('.pixel').eq(clickedPixelIndex - 4).should('not.have.css', 'background-color', backgroundColor);\n  cy.get('.pixel').eq(clickedPixelIndex + 4).should('not.have.css', 'background-color', backgroundColor);\n  cy.get('.pixel').eq(clickedPixelIndex + 6).should('not.have.css', 'background-color', backgroundColor);\n});",
              "err": {},
              "uuid": "6d7042c4-3d6a-4476-bb9c-bcf209589a90",
              "parentUUID": "247c4c3e-c5f9-46f7-8ee0-54e6e4c68c5f",
              "isHook": false,
              "skipped": false
            }
          ],
          "suites": [],
          "passes": [
            "b544838e-bb93-4353-9dcb-58c4940b10df",
            "2dd4d948-e1b6-4c3f-a155-cc02a58b8863",
            "6d7042c4-3d6a-4476-bb9c-bcf209589a90"
          ],
          "failures": [],
          "pending": [],
          "skipped": [],
          "duration": 13503,
          "root": false,
          "rootEmpty": false,
          "_timeout": 2000
        },
        {
          "uuid": "c6a2ac25-9f14-4854-9f72-1c30f36014a2",
          "title": "9 - Crie um botão que, ao ser clicado, limpa o quadro preenchendo a cor de todos seus pixels com branco.",
          "fullFile": "",
          "file": "",
          "beforeHooks": [],
          "afterHooks": [],
          "tests": [
            {
              "title": "Verifica se o botão tem o `id` denominado `clear-board`",
              "fullTitle": "9 - Crie um botão que, ao ser clicado, limpa o quadro preenchendo a cor de todos seus pixels com branco. Verifica se o botão tem o `id` denominado `clear-board`",
              "timedOut": null,
              "duration": 403,
              "state": "passed",
              "speed": "slow",
              "pass": true,
              "fail": false,
              "pending": false,
              "context": null,
              "code": "cy.get('#clear-board').should('be.visible');",
              "err": {},
              "uuid": "31bbe4f1-25da-48d7-a1b5-581041a61a53",
              "parentUUID": "c6a2ac25-9f14-4854-9f72-1c30f36014a2",
              "isHook": false,
              "skipped": false
            },
            {
              "title": "Verifica se o botão está posicionado entre a paleta de cores e o quadro de pixels",
              "fullTitle": "9 - Crie um botão que, ao ser clicado, limpa o quadro preenchendo a cor de todos seus pixels com branco. Verifica se o botão está posicionado entre a paleta de cores e o quadro de pixels",
              "timedOut": null,
              "duration": 225,
              "state": "passed",
              "speed": "slow",
              "pass": true,
              "fail": false,
              "pending": false,
              "context": null,
              "code": "cy.get('#color-palette').then(function (palette) {\n  cy.get('#clear-board').should('be.belowOf', palette);\n});\ncy.get('#clear-board').then(function (clearBtn) {\n  cy.get('#pixel-board').should('be.belowOf', clearBtn);\n});",
              "err": {},
              "uuid": "0cc6a420-3942-41eb-89d3-63329ca2190b",
              "parentUUID": "c6a2ac25-9f14-4854-9f72-1c30f36014a2",
              "isHook": false,
              "skipped": false
            },
            {
              "title": "Verifica se o texto do botão é 'Limpar'",
              "fullTitle": "9 - Crie um botão que, ao ser clicado, limpa o quadro preenchendo a cor de todos seus pixels com branco. Verifica se o texto do botão é 'Limpar'",
              "timedOut": null,
              "duration": 182,
              "state": "passed",
              "speed": "slow",
              "pass": true,
              "fail": false,
              "pending": false,
              "context": null,
              "code": "cy.get('#clear-board').should('contain.text', 'Limpar');",
              "err": {},
              "uuid": "442a00eb-62ec-4678-ac6b-0591cba61ce8",
              "parentUUID": "c6a2ac25-9f14-4854-9f72-1c30f36014a2",
              "isHook": false,
              "skipped": false
            },
            {
              "title": "Verifica se ao clicar no botão, o quadro de pixels é totalmente preenchido de branco",
              "fullTitle": "9 - Crie um botão que, ao ser clicado, limpa o quadro preenchendo a cor de todos seus pixels com branco. Verifica se ao clicar no botão, o quadro de pixels é totalmente preenchido de branco",
              "timedOut": null,
              "duration": 2525,
              "state": "passed",
              "speed": "slow",
              "pass": true,
              "fail": false,
              "pending": false,
              "context": null,
              "code": "cy.get('.color').eq(1).then(function (color) {\n  var backgroundColor = color.css('background-color');\n  cy.wrap(color).click();\n  cy.get('.pixel').each(function (pixel) {\n    cy.wrap(pixel).click().should('have.css', 'background-color', backgroundColor);\n  });\n});\ncy.get('#clear-board').click();\ncy.get('.pixel').each(function (pixel) {\n  cy.wrap(pixel).should('have.css', 'background-color', WHITE);\n});",
              "err": {},
              "uuid": "cd425c44-279c-4d63-8ecb-97cbc3235d8d",
              "parentUUID": "c6a2ac25-9f14-4854-9f72-1c30f36014a2",
              "isHook": false,
              "skipped": false
            }
          ],
          "suites": [],
          "passes": [
            "31bbe4f1-25da-48d7-a1b5-581041a61a53",
            "0cc6a420-3942-41eb-89d3-63329ca2190b",
            "442a00eb-62ec-4678-ac6b-0591cba61ce8",
            "cd425c44-279c-4d63-8ecb-97cbc3235d8d"
          ],
          "failures": [],
          "pending": [],
          "skipped": [],
          "duration": 3335,
          "root": false,
          "rootEmpty": false,
          "_timeout": 2000
        },
        {
          "uuid": "f0480b6d-1093-462b-a011-8bac655bf303",
          "title": "10 - Faça o quadro de pixels ter seu tamanho definido pelo usuário.",
          "fullFile": "",
          "file": "",
          "beforeHooks": [],
          "afterHooks": [],
          "tests": [
            {
              "title": "Verifica se existe um input com o id `board-size`",
              "fullTitle": "10 - Faça o quadro de pixels ter seu tamanho definido pelo usuário. Verifica se existe um input com o id `board-size`",
              "timedOut": null,
              "duration": 4800,
              "state": "failed",
              "speed": null,
              "pass": false,
              "fail": true,
              "pending": false,
              "context": null,
              "code": "cy.get('#board-size').should('be.visible');",
              "err": {
                "message": "CypressError: Timed out retrying: Expected to find element: '#board-size', but never found it.",
                "estack": "CypressError: Timed out retrying: Expected to find element: '#board-size', but never found it.\n    at cypressErr (http://localhost:51129/__cypress/runner/cypress_runner.js:149934:9)\n    at throwErr (http://localhost:51129/__cypress/runner/cypress_runner.js:149867:11)\n    at Object.throwErrByPath (http://localhost:51129/__cypress/runner/cypress_runner.js:149915:3)\n    at retry (http://localhost:51129/__cypress/runner/cypress_runner.js:144197:19)\n    at onFailFn (http://localhost:51129/__cypress/runner/cypress_runner.js:132448:16)\n    at tryCatcher (http://localhost:51129/__cypress/runner/cypress_runner.js:167415:23)\n    at Promise._settlePromiseFromHandler (http://localhost:51129/__cypress/runner/cypress_runner.js:165351:31)\n    at Promise._settlePromise (http://localhost:51129/__cypress/runner/cypress_runner.js:165408:18)\n    at Promise._settlePromise0 (http://localhost:51129/__cypress/runner/cypress_runner.js:165453:10)\n    at Promise._settlePromises (http://localhost:51129/__cypress/runner/cypress_runner.js:165528:18)\n    at Async../node_modules/bluebird/js/release/async.js.Async._drainQueue (http://localhost:51129/__cypress/runner/cypress_runner.js:162140:16)\n    at Async../node_modules/bluebird/js/release/async.js.Async._drainQueues (http://localhost:51129/__cypress/runner/cypress_runner.js:162150:10)\n    at Async.drainQueues (http://localhost:51129/__cypress/runner/cypress_runner.js:162024:14)",
                "diff": null
              },
              "uuid": "274c91ad-c1be-4455-b362-428a64f49ae4",
              "parentUUID": "f0480b6d-1093-462b-a011-8bac655bf303",
              "isHook": false,
              "skipped": false
            },
            {
              "title": "Verifica se existe um botão com o id `generate-board`",
              "fullTitle": "10 - Faça o quadro de pixels ter seu tamanho definido pelo usuário. Verifica se existe um botão com o id `generate-board`",
              "timedOut": null,
              "duration": 5207,
              "state": "failed",
              "speed": null,
              "pass": false,
              "fail": true,
              "pending": false,
              "context": null,
              "code": "cy.get('#generate-board').should('be.visible');",
              "err": {
                "message": "CypressError: Timed out retrying: Expected to find element: '#generate-board', but never found it.",
                "estack": "CypressError: Timed out retrying: Expected to find element: '#generate-board', but never found it.\n    at cypressErr (http://localhost:51129/__cypress/runner/cypress_runner.js:149934:9)\n    at throwErr (http://localhost:51129/__cypress/runner/cypress_runner.js:149867:11)\n    at Object.throwErrByPath (http://localhost:51129/__cypress/runner/cypress_runner.js:149915:3)\n    at retry (http://localhost:51129/__cypress/runner/cypress_runner.js:144197:19)\n    at onFailFn (http://localhost:51129/__cypress/runner/cypress_runner.js:132448:16)\n    at tryCatcher (http://localhost:51129/__cypress/runner/cypress_runner.js:167415:23)\n    at Promise._settlePromiseFromHandler (http://localhost:51129/__cypress/runner/cypress_runner.js:165351:31)\n    at Promise._settlePromise (http://localhost:51129/__cypress/runner/cypress_runner.js:165408:18)\n    at Promise._settlePromise0 (http://localhost:51129/__cypress/runner/cypress_runner.js:165453:10)\n    at Promise._settlePromises (http://localhost:51129/__cypress/runner/cypress_runner.js:165528:18)\n    at Async../node_modules/bluebird/js/release/async.js.Async._drainQueue (http://localhost:51129/__cypress/runner/cypress_runner.js:162140:16)\n    at Async../node_modules/bluebird/js/release/async.js.Async._drainQueues (http://localhost:51129/__cypress/runner/cypress_runner.js:162150:10)\n    at Async.drainQueues (http://localhost:51129/__cypress/runner/cypress_runner.js:162024:14)",
                "diff": null
              },
              "uuid": "0f757540-d1bd-4b0b-8bf0-dbc5301079ae",
              "parentUUID": "f0480b6d-1093-462b-a011-8bac655bf303",
              "isHook": false,
              "skipped": false
            },
            {
              "title": "Verifica se o input só aceita número maiores que zero. Essa restrição deve ser feita usando os atributos do elemento `input`",
              "fullTitle": "10 - Faça o quadro de pixels ter seu tamanho definido pelo usuário. Verifica se o input só aceita número maiores que zero. Essa restrição deve ser feita usando os atributos do elemento `input`",
              "timedOut": null,
              "duration": 5516,
              "state": "failed",
              "speed": null,
              "pass": false,
              "fail": true,
              "pending": false,
              "context": null,
              "code": "cy.get('#board-size[type=\\'number\\'][min=\\'1\\']');",
              "err": {
                "message": "CypressError: Timed out retrying: Expected to find element: '#board-size[type='number'][min='1']', but never found it.",
                "estack": "CypressError: Timed out retrying: Expected to find element: '#board-size[type='number'][min='1']', but never found it.\n    at cypressErr (http://localhost:51129/__cypress/runner/cypress_runner.js:149934:9)\n    at throwErr (http://localhost:51129/__cypress/runner/cypress_runner.js:149867:11)\n    at Object.throwErrByPath (http://localhost:51129/__cypress/runner/cypress_runner.js:149915:3)\n    at retry (http://localhost:51129/__cypress/runner/cypress_runner.js:144197:19)\n    at onFailFn (http://localhost:51129/__cypress/runner/cypress_runner.js:132448:16)\n    at tryCatcher (http://localhost:51129/__cypress/runner/cypress_runner.js:167415:23)\n    at Promise._settlePromiseFromHandler (http://localhost:51129/__cypress/runner/cypress_runner.js:165351:31)\n    at Promise._settlePromise (http://localhost:51129/__cypress/runner/cypress_runner.js:165408:18)\n    at Promise._settlePromise0 (http://localhost:51129/__cypress/runner/cypress_runner.js:165453:10)\n    at Promise._settlePromises (http://localhost:51129/__cypress/runner/cypress_runner.js:165528:18)\n    at Async../node_modules/bluebird/js/release/async.js.Async._drainQueue (http://localhost:51129/__cypress/runner/cypress_runner.js:162140:16)\n    at Async../node_modules/bluebird/js/release/async.js.Async._drainQueues (http://localhost:51129/__cypress/runner/cypress_runner.js:162150:10)\n    at Async.drainQueues (http://localhost:51129/__cypress/runner/cypress_runner.js:162024:14)",
                "diff": null
              },
              "uuid": "95b14ece-890b-4de3-b22e-0ed5d7959bf8",
              "parentUUID": "f0480b6d-1093-462b-a011-8bac655bf303",
              "isHook": false,
              "skipped": false
            },
            {
              "title": "Verifica se o botão contém o texto 'VQV'",
              "fullTitle": "10 - Faça o quadro de pixels ter seu tamanho definido pelo usuário. Verifica se o botão contém o texto 'VQV'",
              "timedOut": null,
              "duration": 5438,
              "state": "failed",
              "speed": null,
              "pass": false,
              "fail": true,
              "pending": false,
              "context": null,
              "code": "cy.get('#generate-board').contains(/vqv/i);",
              "err": {
                "message": "CypressError: Timed out retrying: Expected to find element: '#generate-board', but never found it.",
                "estack": "CypressError: Timed out retrying: Expected to find element: '#generate-board', but never found it.\n    at cypressErr (http://localhost:51129/__cypress/runner/cypress_runner.js:149934:9)\n    at throwErr (http://localhost:51129/__cypress/runner/cypress_runner.js:149867:11)\n    at Object.throwErrByPath (http://localhost:51129/__cypress/runner/cypress_runner.js:149915:3)\n    at retry (http://localhost:51129/__cypress/runner/cypress_runner.js:144197:19)\n    at onFailFn (http://localhost:51129/__cypress/runner/cypress_runner.js:132448:16)\n    at tryCatcher (http://localhost:51129/__cypress/runner/cypress_runner.js:167415:23)\n    at Promise._settlePromiseFromHandler (http://localhost:51129/__cypress/runner/cypress_runner.js:165351:31)\n    at Promise._settlePromise (http://localhost:51129/__cypress/runner/cypress_runner.js:165408:18)\n    at Promise._settlePromise0 (http://localhost:51129/__cypress/runner/cypress_runner.js:165453:10)\n    at Promise._settlePromises (http://localhost:51129/__cypress/runner/cypress_runner.js:165528:18)\n    at Async../node_modules/bluebird/js/release/async.js.Async._drainQueue (http://localhost:51129/__cypress/runner/cypress_runner.js:162140:16)\n    at Async../node_modules/bluebird/js/release/async.js.Async._drainQueues (http://localhost:51129/__cypress/runner/cypress_runner.js:162150:10)\n    at Async.drainQueues (http://localhost:51129/__cypress/runner/cypress_runner.js:162024:14)",
                "diff": null
              },
              "uuid": "249d5865-b89c-48de-a402-1817ab4c36e2",
              "parentUUID": "f0480b6d-1093-462b-a011-8bac655bf303",
              "isHook": false,
              "skipped": false
            },
            {
              "title": "Verifica se o input está posicionado entre a paleta de cores e o quadro de pixels",
              "fullTitle": "10 - Faça o quadro de pixels ter seu tamanho definido pelo usuário. Verifica se o input está posicionado entre a paleta de cores e o quadro de pixels",
              "timedOut": null,
              "duration": 5286,
              "state": "failed",
              "speed": null,
              "pass": false,
              "fail": true,
              "pending": false,
              "context": null,
              "code": "cy.get('#color-palette').then(function (palette) {\n  cy.get('#board-size').should('be.belowOf', palette);\n});\ncy.get('#board-size').then(function (palette) {\n  cy.get('#pixel-board').should('be.belowOf', palette);\n});",
              "err": {
                "message": "CypressError: Timed out retrying: Expected to find element: '#board-size', but never found it.",
                "estack": "CypressError: Timed out retrying: Expected to find element: '#board-size', but never found it.\n    at cypressErr (http://localhost:51129/__cypress/runner/cypress_runner.js:149934:9)\n    at throwErr (http://localhost:51129/__cypress/runner/cypress_runner.js:149867:11)\n    at Object.throwErrByPath (http://localhost:51129/__cypress/runner/cypress_runner.js:149915:3)\n    at retry (http://localhost:51129/__cypress/runner/cypress_runner.js:144197:19)\n    at onFailFn (http://localhost:51129/__cypress/runner/cypress_runner.js:132448:16)\n    at tryCatcher (http://localhost:51129/__cypress/runner/cypress_runner.js:167415:23)\n    at Promise._settlePromiseFromHandler (http://localhost:51129/__cypress/runner/cypress_runner.js:165351:31)\n    at Promise._settlePromise (http://localhost:51129/__cypress/runner/cypress_runner.js:165408:18)\n    at Promise._settlePromise0 (http://localhost:51129/__cypress/runner/cypress_runner.js:165453:10)\n    at Promise._settlePromises (http://localhost:51129/__cypress/runner/cypress_runner.js:165528:18)\n    at Async../node_modules/bluebird/js/release/async.js.Async._drainQueue (http://localhost:51129/__cypress/runner/cypress_runner.js:162140:16)\n    at Async../node_modules/bluebird/js/release/async.js.Async._drainQueues (http://localhost:51129/__cypress/runner/cypress_runner.js:162150:10)\n    at Async.drainQueues (http://localhost:51129/__cypress/runner/cypress_runner.js:162024:14)",
                "diff": null
              },
              "uuid": "84924d17-4b87-41c6-bcaf-873ae6e4cced",
              "parentUUID": "f0480b6d-1093-462b-a011-8bac655bf303",
              "isHook": false,
              "skipped": false
            },
            {
              "title": "Verifica se o botão está posicionado ao lado do input",
              "fullTitle": "10 - Faça o quadro de pixels ter seu tamanho definido pelo usuário. Verifica se o botão está posicionado ao lado do input",
              "timedOut": null,
              "duration": 5202,
              "state": "failed",
              "speed": null,
              "pass": false,
              "fail": true,
              "pending": false,
              "context": null,
              "code": "cy.get('#board-size').then(function (board) {\n  cy.get('#generate-board').should('be.onTheRightOf', board);\n});",
              "err": {
                "message": "CypressError: Timed out retrying: Expected to find element: '#board-size', but never found it.",
                "estack": "CypressError: Timed out retrying: Expected to find element: '#board-size', but never found it.\n    at cypressErr (http://localhost:51129/__cypress/runner/cypress_runner.js:149934:9)\n    at throwErr (http://localhost:51129/__cypress/runner/cypress_runner.js:149867:11)\n    at Object.throwErrByPath (http://localhost:51129/__cypress/runner/cypress_runner.js:149915:3)\n    at retry (http://localhost:51129/__cypress/runner/cypress_runner.js:144197:19)\n    at onFailFn (http://localhost:51129/__cypress/runner/cypress_runner.js:132448:16)\n    at tryCatcher (http://localhost:51129/__cypress/runner/cypress_runner.js:167415:23)\n    at Promise._settlePromiseFromHandler (http://localhost:51129/__cypress/runner/cypress_runner.js:165351:31)\n    at Promise._settlePromise (http://localhost:51129/__cypress/runner/cypress_runner.js:165408:18)\n    at Promise._settlePromise0 (http://localhost:51129/__cypress/runner/cypress_runner.js:165453:10)\n    at Promise._settlePromises (http://localhost:51129/__cypress/runner/cypress_runner.js:165528:18)\n    at Async../node_modules/bluebird/js/release/async.js.Async._drainQueue (http://localhost:51129/__cypress/runner/cypress_runner.js:162140:16)\n    at Async../node_modules/bluebird/js/release/async.js.Async._drainQueues (http://localhost:51129/__cypress/runner/cypress_runner.js:162150:10)\n    at Async.drainQueues (http://localhost:51129/__cypress/runner/cypress_runner.js:162024:14)",
                "diff": null
              },
              "uuid": "2d1cd2b8-79f3-4196-8245-99ff6ea84e69",
              "parentUUID": "f0480b6d-1093-462b-a011-8bac655bf303",
              "isHook": false,
              "skipped": false
            },
            {
              "title": "Verifica se nenhum valor for colocado no input ao clicar no botão, um `alert` é exibido com o texto: 'Board inválido!'",
              "fullTitle": "10 - Faça o quadro de pixels ter seu tamanho definido pelo usuário. Verifica se nenhum valor for colocado no input ao clicar no botão, um `alert` é exibido com o texto: 'Board inválido!'",
              "timedOut": null,
              "duration": 6936,
              "state": "failed",
              "speed": null,
              "pass": false,
              "fail": true,
              "pending": false,
              "context": null,
              "code": "var alerted = false;\ncy.on('window:alert', function (msg) {\n  return alerted = msg;\n});\ncy.get('#generate-board').click().then(function () {\n  return expect(alerted).to.match(/Board inválido!/i);\n});",
              "err": {
                "message": "CypressError: Timed out retrying: Expected to find element: '#generate-board', but never found it.",
                "estack": "CypressError: Timed out retrying: Expected to find element: '#generate-board', but never found it.\n    at cypressErr (http://localhost:51129/__cypress/runner/cypress_runner.js:149934:9)\n    at throwErr (http://localhost:51129/__cypress/runner/cypress_runner.js:149867:11)\n    at Object.throwErrByPath (http://localhost:51129/__cypress/runner/cypress_runner.js:149915:3)\n    at retry (http://localhost:51129/__cypress/runner/cypress_runner.js:144197:19)\n    at onFailFn (http://localhost:51129/__cypress/runner/cypress_runner.js:132448:16)\n    at tryCatcher (http://localhost:51129/__cypress/runner/cypress_runner.js:167415:23)\n    at Promise._settlePromiseFromHandler (http://localhost:51129/__cypress/runner/cypress_runner.js:165351:31)\n    at Promise._settlePromise (http://localhost:51129/__cypress/runner/cypress_runner.js:165408:18)\n    at Promise._settlePromise0 (http://localhost:51129/__cypress/runner/cypress_runner.js:165453:10)\n    at Promise._settlePromises (http://localhost:51129/__cypress/runner/cypress_runner.js:165528:18)\n    at Async../node_modules/bluebird/js/release/async.js.Async._drainQueue (http://localhost:51129/__cypress/runner/cypress_runner.js:162140:16)\n    at Async../node_modules/bluebird/js/release/async.js.Async._drainQueues (http://localhost:51129/__cypress/runner/cypress_runner.js:162150:10)\n    at Async.drainQueues (http://localhost:51129/__cypress/runner/cypress_runner.js:162024:14)",
                "diff": null
              },
              "uuid": "52430d12-bf1f-48db-90d3-3b4de6723723",
              "parentUUID": "f0480b6d-1093-462b-a011-8bac655bf303",
              "isHook": false,
              "skipped": false
            },
            {
              "title": "Verifica se ao clicar no botão com um valor preenchido, o tamanho do board muda.",
              "fullTitle": "10 - Faça o quadro de pixels ter seu tamanho definido pelo usuário. Verifica se ao clicar no botão com um valor preenchido, o tamanho do board muda.",
              "timedOut": null,
              "duration": 5459,
              "state": "failed",
              "speed": null,
              "pass": false,
              "fail": true,
              "pending": false,
              "context": null,
              "code": "cy.get('#board-size').clear().type(10);\ncy.get('#generate-board').click();\ncy.get('.pixel').should('have.length', 100);",
              "err": {
                "message": "CypressError: Timed out retrying: Expected to find element: '#board-size', but never found it.",
                "estack": "CypressError: Timed out retrying: Expected to find element: '#board-size', but never found it.\n    at cypressErr (http://localhost:51129/__cypress/runner/cypress_runner.js:149934:9)\n    at throwErr (http://localhost:51129/__cypress/runner/cypress_runner.js:149867:11)\n    at Object.throwErrByPath (http://localhost:51129/__cypress/runner/cypress_runner.js:149915:3)\n    at retry (http://localhost:51129/__cypress/runner/cypress_runner.js:144197:19)\n    at onFailFn (http://localhost:51129/__cypress/runner/cypress_runner.js:132448:16)\n    at tryCatcher (http://localhost:51129/__cypress/runner/cypress_runner.js:167415:23)\n    at Promise._settlePromiseFromHandler (http://localhost:51129/__cypress/runner/cypress_runner.js:165351:31)\n    at Promise._settlePromise (http://localhost:51129/__cypress/runner/cypress_runner.js:165408:18)\n    at Promise._settlePromise0 (http://localhost:51129/__cypress/runner/cypress_runner.js:165453:10)\n    at Promise._settlePromises (http://localhost:51129/__cypress/runner/cypress_runner.js:165528:18)\n    at Async../node_modules/bluebird/js/release/async.js.Async._drainQueue (http://localhost:51129/__cypress/runner/cypress_runner.js:162140:16)\n    at Async../node_modules/bluebird/js/release/async.js.Async._drainQueues (http://localhost:51129/__cypress/runner/cypress_runner.js:162150:10)\n    at Async.drainQueues (http://localhost:51129/__cypress/runner/cypress_runner.js:162024:14)",
                "diff": null
              },
              "uuid": "231134b2-3012-4f22-85e2-430a63495def",
              "parentUUID": "f0480b6d-1093-462b-a011-8bac655bf303",
              "isHook": false,
              "skipped": false
            },
            {
              "title": "Verifica se o novo quadro tem todos os pixels preenchidos com a cor branca",
              "fullTitle": "10 - Faça o quadro de pixels ter seu tamanho definido pelo usuário. Verifica se o novo quadro tem todos os pixels preenchidos com a cor branca",
              "timedOut": null,
              "duration": 5205,
              "state": "failed",
              "speed": null,
              "pass": false,
              "fail": true,
              "pending": false,
              "context": null,
              "code": "cy.get('#board-size').clear().type(6);\ncy.get('#generate-board').click();\ncy.get('.pixel').should('have.length', 36).each(function (pixel) {\n  expect(pixel).to.have.css('background-color', WHITE);\n});",
              "err": {
                "message": "CypressError: Timed out retrying: Expected to find element: '#board-size', but never found it.",
                "estack": "CypressError: Timed out retrying: Expected to find element: '#board-size', but never found it.\n    at cypressErr (http://localhost:51129/__cypress/runner/cypress_runner.js:149934:9)\n    at throwErr (http://localhost:51129/__cypress/runner/cypress_runner.js:149867:11)\n    at Object.throwErrByPath (http://localhost:51129/__cypress/runner/cypress_runner.js:149915:3)\n    at retry (http://localhost:51129/__cypress/runner/cypress_runner.js:144197:19)\n    at onFailFn (http://localhost:51129/__cypress/runner/cypress_runner.js:132448:16)\n    at tryCatcher (http://localhost:51129/__cypress/runner/cypress_runner.js:167415:23)\n    at Promise._settlePromiseFromHandler (http://localhost:51129/__cypress/runner/cypress_runner.js:165351:31)\n    at Promise._settlePromise (http://localhost:51129/__cypress/runner/cypress_runner.js:165408:18)\n    at Promise._settlePromise0 (http://localhost:51129/__cypress/runner/cypress_runner.js:165453:10)\n    at Promise._settlePromises (http://localhost:51129/__cypress/runner/cypress_runner.js:165528:18)\n    at Async../node_modules/bluebird/js/release/async.js.Async._drainQueue (http://localhost:51129/__cypress/runner/cypress_runner.js:162140:16)\n    at Async../node_modules/bluebird/js/release/async.js.Async._drainQueues (http://localhost:51129/__cypress/runner/cypress_runner.js:162150:10)\n    at Async.drainQueues (http://localhost:51129/__cypress/runner/cypress_runner.js:162024:14)",
                "diff": null
              },
              "uuid": "134b8342-42a1-4818-8242-aac1a0dd18b8",
              "parentUUID": "f0480b6d-1093-462b-a011-8bac655bf303",
              "isHook": false,
              "skipped": false
            }
          ],
          "suites": [],
          "passes": [],
          "failures": [
            "274c91ad-c1be-4455-b362-428a64f49ae4",
            "0f757540-d1bd-4b0b-8bf0-dbc5301079ae",
            "95b14ece-890b-4de3-b22e-0ed5d7959bf8",
            "249d5865-b89c-48de-a402-1817ab4c36e2",
            "84924d17-4b87-41c6-bcaf-873ae6e4cced",
            "2d1cd2b8-79f3-4196-8245-99ff6ea84e69",
            "52430d12-bf1f-48db-90d3-3b4de6723723",
            "231134b2-3012-4f22-85e2-430a63495def",
            "134b8342-42a1-4818-8242-aac1a0dd18b8"
          ],
          "pending": [],
          "skipped": [],
          "duration": 49049,
          "root": false,
          "rootEmpty": false,
          "_timeout": 2000
        },
        {
          "uuid": "94482680-fff7-40bc-af5c-aa3cd5c2a37e",
          "title": "11 - Limite o tamanho mínimo e máximo do board.",
          "fullFile": "",
          "file": "",
          "beforeHooks": [],
          "afterHooks": [],
          "tests": [
            {
              "title": "Verifica se a altura máxima do board é 50",
              "fullTitle": "11 - Limite o tamanho mínimo e máximo do board. Verifica se a altura máxima do board é 50",
              "timedOut": null,
              "duration": 5451,
              "state": "failed",
              "speed": null,
              "pass": false,
              "fail": true,
              "pending": false,
              "context": null,
              "code": "cy.get('#board-size').clear().type(50);\ncy.get('#generate-board').click();\ncy.get('.pixel').should('have.length', 2500);",
              "err": {
                "message": "CypressError: Timed out retrying: Expected to find element: '#board-size', but never found it.",
                "estack": "CypressError: Timed out retrying: Expected to find element: '#board-size', but never found it.\n    at cypressErr (http://localhost:51129/__cypress/runner/cypress_runner.js:149934:9)\n    at throwErr (http://localhost:51129/__cypress/runner/cypress_runner.js:149867:11)\n    at Object.throwErrByPath (http://localhost:51129/__cypress/runner/cypress_runner.js:149915:3)\n    at retry (http://localhost:51129/__cypress/runner/cypress_runner.js:144197:19)\n    at onFailFn (http://localhost:51129/__cypress/runner/cypress_runner.js:132448:16)\n    at tryCatcher (http://localhost:51129/__cypress/runner/cypress_runner.js:167415:23)\n    at Promise._settlePromiseFromHandler (http://localhost:51129/__cypress/runner/cypress_runner.js:165351:31)\n    at Promise._settlePromise (http://localhost:51129/__cypress/runner/cypress_runner.js:165408:18)\n    at Promise._settlePromise0 (http://localhost:51129/__cypress/runner/cypress_runner.js:165453:10)\n    at Promise._settlePromises (http://localhost:51129/__cypress/runner/cypress_runner.js:165528:18)\n    at Async../node_modules/bluebird/js/release/async.js.Async._drainQueue (http://localhost:51129/__cypress/runner/cypress_runner.js:162140:16)\n    at Async../node_modules/bluebird/js/release/async.js.Async._drainQueues (http://localhost:51129/__cypress/runner/cypress_runner.js:162150:10)\n    at Async.drainQueues (http://localhost:51129/__cypress/runner/cypress_runner.js:162024:14)",
                "diff": null
              },
              "uuid": "9cd847c6-f9e7-477c-b7d2-2beb2891985e",
              "parentUUID": "94482680-fff7-40bc-af5c-aa3cd5c2a37e",
              "isHook": false,
              "skipped": false
            },
            {
              "title": "Verifica se a altura do board é 5 quando um valor menor é colocado no input",
              "fullTitle": "11 - Limite o tamanho mínimo e máximo do board. Verifica se a altura do board é 5 quando um valor menor é colocado no input",
              "timedOut": null,
              "duration": 5531,
              "state": "failed",
              "speed": null,
              "pass": false,
              "fail": true,
              "pending": false,
              "context": null,
              "code": "cy.get('#board-size').clear().type(4);\ncy.get('#generate-board').click();\ncy.get('.pixel').should('have.length', 25);",
              "err": {
                "message": "CypressError: Timed out retrying: Expected to find element: '#board-size', but never found it.",
                "estack": "CypressError: Timed out retrying: Expected to find element: '#board-size', but never found it.\n    at cypressErr (http://localhost:51129/__cypress/runner/cypress_runner.js:149934:9)\n    at throwErr (http://localhost:51129/__cypress/runner/cypress_runner.js:149867:11)\n    at Object.throwErrByPath (http://localhost:51129/__cypress/runner/cypress_runner.js:149915:3)\n    at retry (http://localhost:51129/__cypress/runner/cypress_runner.js:144197:19)\n    at onFailFn (http://localhost:51129/__cypress/runner/cypress_runner.js:132448:16)\n    at tryCatcher (http://localhost:51129/__cypress/runner/cypress_runner.js:167415:23)\n    at Promise._settlePromiseFromHandler (http://localhost:51129/__cypress/runner/cypress_runner.js:165351:31)\n    at Promise._settlePromise (http://localhost:51129/__cypress/runner/cypress_runner.js:165408:18)\n    at Promise._settlePromise0 (http://localhost:51129/__cypress/runner/cypress_runner.js:165453:10)\n    at Promise._settlePromises (http://localhost:51129/__cypress/runner/cypress_runner.js:165528:18)\n    at Async../node_modules/bluebird/js/release/async.js.Async._drainQueue (http://localhost:51129/__cypress/runner/cypress_runner.js:162140:16)\n    at Async../node_modules/bluebird/js/release/async.js.Async._drainQueues (http://localhost:51129/__cypress/runner/cypress_runner.js:162150:10)\n    at Async.drainQueues (http://localhost:51129/__cypress/runner/cypress_runner.js:162024:14)",
                "diff": null
              },
              "uuid": "16f7a639-0a92-4c5e-ae2d-9f7ee3ab5569",
              "parentUUID": "94482680-fff7-40bc-af5c-aa3cd5c2a37e",
              "isHook": false,
              "skipped": false
            },
            {
              "title": "Verifica se a altura do board é 50 quando um valor maior é colocado no input",
              "fullTitle": "11 - Limite o tamanho mínimo e máximo do board. Verifica se a altura do board é 50 quando um valor maior é colocado no input",
              "timedOut": null,
              "duration": 5733,
              "state": "failed",
              "speed": null,
              "pass": false,
              "fail": true,
              "pending": false,
              "context": null,
              "code": "cy.get('#board-size').clear().type(51);\ncy.get('#generate-board').click();\ncy.get('.pixel').should('have.length', 2500);",
              "err": {
                "message": "CypressError: Timed out retrying: Expected to find element: '#board-size', but never found it.",
                "estack": "CypressError: Timed out retrying: Expected to find element: '#board-size', but never found it.\n    at cypressErr (http://localhost:51129/__cypress/runner/cypress_runner.js:149934:9)\n    at throwErr (http://localhost:51129/__cypress/runner/cypress_runner.js:149867:11)\n    at Object.throwErrByPath (http://localhost:51129/__cypress/runner/cypress_runner.js:149915:3)\n    at retry (http://localhost:51129/__cypress/runner/cypress_runner.js:144197:19)\n    at onFailFn (http://localhost:51129/__cypress/runner/cypress_runner.js:132448:16)\n    at tryCatcher (http://localhost:51129/__cypress/runner/cypress_runner.js:167415:23)\n    at Promise._settlePromiseFromHandler (http://localhost:51129/__cypress/runner/cypress_runner.js:165351:31)\n    at Promise._settlePromise (http://localhost:51129/__cypress/runner/cypress_runner.js:165408:18)\n    at Promise._settlePromise0 (http://localhost:51129/__cypress/runner/cypress_runner.js:165453:10)\n    at Promise._settlePromises (http://localhost:51129/__cypress/runner/cypress_runner.js:165528:18)\n    at Async../node_modules/bluebird/js/release/async.js.Async._drainQueue (http://localhost:51129/__cypress/runner/cypress_runner.js:162140:16)\n    at Async../node_modules/bluebird/js/release/async.js.Async._drainQueues (http://localhost:51129/__cypress/runner/cypress_runner.js:162150:10)\n    at Async.drainQueues (http://localhost:51129/__cypress/runner/cypress_runner.js:162024:14)",
                "diff": null
              },
              "uuid": "aee7f746-d9f6-4e4f-8bca-8966d2d61dc6",
              "parentUUID": "94482680-fff7-40bc-af5c-aa3cd5c2a37e",
              "isHook": false,
              "skipped": false
            }
          ],
          "suites": [],
          "passes": [],
          "failures": [
            "9cd847c6-f9e7-477c-b7d2-2beb2891985e",
            "16f7a639-0a92-4c5e-ae2d-9f7ee3ab5569",
            "aee7f746-d9f6-4e4f-8bca-8966d2d61dc6"
          ],
          "pending": [],
          "skipped": [],
          "duration": 16715,
          "root": false,
          "rootEmpty": false,
          "_timeout": 2000
        },
        {
          "uuid": "66019421-fdf0-4e7c-b94d-dd7842e2e819",
          "title": "12 - Faça com que as cores da paleta sejam geradas aleatoriamente ao carregar a página.",
          "fullFile": "",
          "file": "",
          "beforeHooks": [],
          "afterHooks": [],
          "tests": [
            {
              "title": "Verifica se as cores geradas na paleta são diferentes a cada carregamento da página",
              "fullTitle": "12 - Faça com que as cores da paleta sejam geradas aleatoriamente ao carregar a página. Verifica se as cores geradas na paleta são diferentes a cada carregamento da página",
              "timedOut": null,
              "duration": 1164,
              "state": "failed",
              "speed": null,
              "pass": false,
              "fail": true,
              "pending": false,
              "context": null,
              "code": "cy.get('.color').then(function (colors) {\n  var currentColors;\n  var previousColors;\n  previousColors = Array.from(colors).map(function (color) {\n    return Cypress.$(color).css('background-color');\n  });\n  for (var i = 0; i < 5; i += 1) {\n    cy.reload();\n    cy.get('.color').then(function (colors) {\n      currentColors = Array.from(colors).map(function (color) {\n        return Cypress.$(color).css('background-color');\n      });\n      expect(currentColors).not.to.deep.equal(previousColors);\n      previousColors = currentColors;\n    });\n  }\n});",
              "err": {
                "message": "AssertionError: expected [ Array(4) ] to not deeply equal [ Array(4) ]",
                "estack": "AssertionError: expected [ Array(4) ] to not deeply equal [ Array(4) ]\n    at getRet (http://localhost:51129/__cypress/runner/cypress_runner.js:136585:16)\n    at tryCatcher (http://localhost:51129/__cypress/runner/cypress_runner.js:167415:23)\n    at Function.Promise.attempt.Promise.try (http://localhost:51129/__cypress/runner/cypress_runner.js:164690:29)\n    at Context.thenFn (http://localhost:51129/__cypress/runner/cypress_runner.js:136599:23)\n    at Context.then (http://localhost:51129/__cypress/runner/cypress_runner.js:136971:21)\n    at Context.<anonymous> (http://localhost:51129/__cypress/runner/cypress_runner.js:148875:21)\n    at http://localhost:51129/__cypress/runner/cypress_runner.js:148351:33\n    at tryCatcher (http://localhost:51129/__cypress/runner/cypress_runner.js:167415:23)\n    at Promise._settlePromiseFromHandler (http://localhost:51129/__cypress/runner/cypress_runner.js:165351:31)\n    at Promise._settlePromise (http://localhost:51129/__cypress/runner/cypress_runner.js:165408:18)\n    at Promise._settlePromiseCtx (http://localhost:51129/__cypress/runner/cypress_runner.js:165445:10)\n    at Async../node_modules/bluebird/js/release/async.js.Async._drainQueue (http://localhost:51129/__cypress/runner/cypress_runner.js:162145:12)\n    at Async../node_modules/bluebird/js/release/async.js.Async._drainQueues (http://localhost:51129/__cypress/runner/cypress_runner.js:162150:10)\n    at Async.drainQueues (http://localhost:51129/__cypress/runner/cypress_runner.js:162024:14)",
                "diff": ""
              },
              "uuid": "719ee61c-469b-4740-9989-c9495e083577",
              "parentUUID": "66019421-fdf0-4e7c-b94d-dd7842e2e819",
              "isHook": false,
              "skipped": false
            },
            {
              "title": "Verifica se a cor preta ainda está presente e é a primeira na sua paleta de cores",
              "fullTitle": "12 - Faça com que as cores da paleta sejam geradas aleatoriamente ao carregar a página. Verifica se a cor preta ainda está presente e é a primeira na sua paleta de cores",
              "timedOut": null,
              "duration": 1829,
              "state": "failed",
              "speed": null,
              "pass": false,
              "fail": true,
              "pending": false,
              "context": null,
              "code": "cy.get('.color').then(function (colors) {\n  var currentColors;\n  var previousColors;\n  previousColors = Array.from(colors).map(function (color) {\n    return Cypress.$(color).css('background-color');\n  });\n  expect(previousColors[0]).to.eq(BLACK);\n  for (var i = 0; i < 5; i += 1) {\n    cy.reload();\n    cy.get('.color').then(function (colors) {\n      currentColors = Array.from(colors).map(function (color) {\n        return Cypress.$(color).css('background-color');\n      });\n      expect(currentColors[0]).to.eq(BLACK);\n      expect(currentColors).not.to.deep.equal(previousColors);\n      previousColors = currentColors;\n    });\n  }\n});",
              "err": {
                "message": "AssertionError: expected [ Array(4) ] to not deeply equal [ Array(4) ]",
                "estack": "AssertionError: expected [ Array(4) ] to not deeply equal [ Array(4) ]\n    at getRet (http://localhost:51129/__cypress/runner/cypress_runner.js:136585:16)\n    at tryCatcher (http://localhost:51129/__cypress/runner/cypress_runner.js:167415:23)\n    at Function.Promise.attempt.Promise.try (http://localhost:51129/__cypress/runner/cypress_runner.js:164690:29)\n    at Context.thenFn (http://localhost:51129/__cypress/runner/cypress_runner.js:136599:23)\n    at Context.then (http://localhost:51129/__cypress/runner/cypress_runner.js:136971:21)\n    at Context.<anonymous> (http://localhost:51129/__cypress/runner/cypress_runner.js:148875:21)\n    at http://localhost:51129/__cypress/runner/cypress_runner.js:148351:33\n    at tryCatcher (http://localhost:51129/__cypress/runner/cypress_runner.js:167415:23)\n    at Promise._settlePromiseFromHandler (http://localhost:51129/__cypress/runner/cypress_runner.js:165351:31)\n    at Promise._settlePromise (http://localhost:51129/__cypress/runner/cypress_runner.js:165408:18)\n    at Promise._settlePromiseCtx (http://localhost:51129/__cypress/runner/cypress_runner.js:165445:10)\n    at Async../node_modules/bluebird/js/release/async.js.Async._drainQueue (http://localhost:51129/__cypress/runner/cypress_runner.js:162145:12)\n    at Async../node_modules/bluebird/js/release/async.js.Async._drainQueues (http://localhost:51129/__cypress/runner/cypress_runner.js:162150:10)\n    at Async.drainQueues (http://localhost:51129/__cypress/runner/cypress_runner.js:162024:14)",
                "diff": ""
              },
              "uuid": "2305a641-dc35-481f-adfb-7bde291a2a20",
              "parentUUID": "66019421-fdf0-4e7c-b94d-dd7842e2e819",
              "isHook": false,
              "skipped": false
            }
          ],
          "suites": [],
          "passes": [],
          "failures": [
            "719ee61c-469b-4740-9989-c9495e083577",
            "2305a641-dc35-481f-adfb-7bde291a2a20"
          ],
          "pending": [],
          "skipped": [],
          "duration": 2993,
          "root": false,
          "rootEmpty": false,
          "_timeout": 2000
        }
      ],
      "passes": [],
      "failures": [],
      "pending": [],
      "skipped": [],
      "duration": 0,
      "root": true,
      "rootEmpty": true,
      "_timeout": 2000
    }
  ],
  "meta": {
    "mocha": {
      "version": "7.0.1"
    },
    "mochawesome": {
      "options": {
        "quiet": false,
        "reportFilename": "mochawesome",
        "saveHtml": false,
        "saveJson": true,
        "consoleReporter": "spec",
        "useInlineDiffs": false
      },
      "version": "4.1.0"
    },
    "marge": {
      "options": {
        "id": "default",
        "reportDir": "cypress/reports",
        "overwrite": true,
        "html": false,
        "json": true
      },
      "version": "4.1.0"
    }
  }
}